<html>
<head>
<title>TestNG:  Cucumber Test Runner 1</title>
<link href="../testng.css" rel="stylesheet" type="text/css" />
<link href="../my-testng.css" rel="stylesheet" type="text/css" />

<style type="text/css">
.log { display: none;} 
.stack-trace { display: none;} 
</style>
<script type="text/javascript">
<!--
function flip(e) {
  current = e.style.display;
  if (current == 'block') {
    e.style.display = 'none';
    return 0;
  }
  else {
    e.style.display = 'block';
    return 1;
  }
}

function toggleBox(szDivId, elem, msg1, msg2)
{
  var res = -1;  if (document.getElementById) {
    res = flip(document.getElementById(szDivId));
  }
  else if (document.all) {
    // this is the way old msie versions work
    res = flip(document.all[szDivId]);
  }
  if(elem) {
    if(res == 0) elem.innerHTML = msg1; else elem.innerHTML = msg2;
  }

}

function toggleAllBoxes() {
  if (document.getElementsByTagName) {
    d = document.getElementsByTagName('div');
    for (i = 0; i < d.length; i++) {
      if (d[i].className == 'log') {
        flip(d[i]);
      }
    }
  }
}

// -->
</script>

</head>
<body>
<h2 align='center'>Cucumber Test Runner 1</h2><table border='1' align="center">
<tr>
<td>Tests passed/Failed/Skipped:</td><td>9/6/0</td>
</tr><tr>
<td>Started on:</td><td>Fri Nov 29 18:42:48 IST 2024</td>
</tr>
<tr><td>Total time:</td><td>861 seconds (861331 ms)</td>
</tr><tr>
<td>Included groups:</td><td></td>
</tr><tr>
<td>Excluded groups:</td><td></td>
</tr>
</table><p/>
<small><i>(Hover the method name to see the test class name)</i></small><p/>
<table width='100%' border='1' class='invocation-failed'>
<tr><td colspan='4' align='center'><b>FAILED TESTS</b></td></tr>
<tr><td><b>Test method</b></td>
<td><b>Attribute(s)</b></td>
<td width="30%"><b>Exception</b></td>
<td width="10%"><b>Time (seconds)</b></td>
<td><b>Instance</b></td>
</tr>
<tr>
<td title='runner.TestRunner1.runScenario()'><b>runScenario</b><br>Test class: runner.TestRunner1<br>Test method: Runs Cucumber Scenarios<br>Parameters: "Verify to navigate on another sub module after open the inventory module", "Verification Module"</td>
<td><div><pre>java.lang.AssertionError: URL does not contains the expected substring: Verification
	at pages.VerificationPage_PL1.successfullNavigation(VerificationPage_PL1.java:163)
	at steps.VerificationStep_PL1.verify_that_the_user_is_able_to_navigate_to_section(VerificationStep_PL1.java:37)
	at ✽.Verify that the user is able to navigate to &quot;Verification&quot; section(file:///Users/abhisheksharma/Documents/YAKSHA/Cucumber%20Projects/Selenium-Java-CucumberPL1/src/test/java/features/Verification_PL1.feature:30)
... Removed 1 stack frames</pre></div><a href='#' onClick='toggleBox("stack-trace1164217973", this, "Click to show all stack frames", "Click to hide stack frames")'>Click to show all stack frames</a>
<div class='stack-trace' id='stack-trace1164217973'><pre>java.lang.AssertionError: URL does not contains the expected substring: Verification
	at org.testng.Assert.fail(Assert.java:111)
	at pages.VerificationPage_PL1.successfullNavigation(VerificationPage_PL1.java:163)
	at steps.VerificationStep_PL1.verify_that_the_user_is_able_to_navigate_to_section(VerificationStep_PL1.java:37)
	at ✽.Verify that the user is able to navigate to &quot;Verification&quot; section(file:///Users/abhisheksharma/Documents/YAKSHA/Cucumber%20Projects/Selenium-Java-CucumberPL1/src/test/java/features/Verification_PL1.feature:30)
</pre></div></td>
<td>34</td>
<td>runner.TestRunner1@1ae67cad</td></tr>
<tr>
<td title='runner.TestRunner1.runScenario()'><b>runScenario</b><br>Test class: runner.TestRunner1<br>Test method: Runs Cucumber Scenarios<br>Parameters: "Verify the verfication module is present or not", "Verification Module"</td>
<td><div><pre>org.openqa.selenium.NoSuchElementException: no such element: Unable to locate element: {&quot;method&quot;:&quot;xpath&quot;,&quot;selector&quot;:&quot;//a[@href=&apos;#/Verification&apos;]&quot;}
  (Session info: chrome=131.0.6778.86)
For documentation on this error, please visit: https://www.selenium.dev/documentation/webdriver/troubleshooting/errors#no-such-element-exception
Build info: version: &apos;4.10.0&apos;, revision: &apos;c14d967899&apos;
System info: os.name: &apos;Mac OS X&apos;, os.arch: &apos;x86_64&apos;, os.version: &apos;14.5&apos;, java.version: &apos;22.0.1&apos;
Driver info: org.openqa.selenium.chrome.ChromeDriver
Command: [8da9ec05bc1d0a291578cc7ff03f26a6, findElement {using=xpath, value=//a[@href=&apos;#/Verification&apos;]}]
Capabilities {acceptInsecureCerts: false, browserName: chrome, browserVersion: 131.0.6778.86, chrome: {chromedriverVersion: 131.0.6778.85 (3d81e41b6f3a..., userDataDir: /var/folders/5y/7c_nbpk94jg...}, fedcm:accounts: true, goog:chromeOptions: {debuggerAddress: localhost:57797}, networkConnectionEnabled: false, pageLoadStrategy: normal, platformName: mac, proxy: Proxy(), se:cdp: ws://localhost:57797/devtoo..., se:cdpVersion: 131.0.6778.86, setWindowRect: true, strictFileInteractability: false, timeouts: {implicit: 0, pageLoad: 300000, script: 30000}, unhandledPromptBehavior: dismiss and notify, webauthn:extension:credBlob: true, webauthn:extension:largeBlob: true, webauthn:extension:minPinLength: true, webauthn:extension:prf: true, webauthn:virtualAuthenticators: true}
Session ID: 8da9ec05bc1d0a291578cc7ff03f26a6
	at org.openqa.selenium.remote.codec.w3c.W3CHttpResponseCodec.createException(W3CHttpResponseCodec.java:199)
	at org.openqa.selenium.remote.codec.w3c.W3CHttpResponseCodec.decode(W3CHttpResponseCodec.java:132)
	at org.openqa.selenium.remote.codec.w3c.W3CHttpResponseCodec.decode(W3CHttpResponseCodec.java:51)
	at org.openqa.selenium.remote.HttpCommandExecutor.execute(HttpCommandExecutor.java:191)
	at org.openqa.selenium.remote.service.DriverCommandExecutor.invokeExecute(DriverCommandExecutor.java:196)
	at org.openqa.selenium.remote.service.DriverCommandExecutor.execute(DriverCommandExecutor.java:171)
	at org.openqa.selenium.remote.RemoteWebDriver.execute(RemoteWebDriver.java:531)
	at org.openqa.selenium.remote.ElementLocation$ElementFinder$2.findElement(ElementLocation.java:165)
	at org.openqa.selenium.remote.ElementLocation.findElement(ElementLocation.java:59)
	at org.openqa.selenium.remote.RemoteWebDriver.findElement(RemoteWebDriver.java:350)
	at org.openqa.selenium.remote.RemoteWebDriver.findElement(RemoteWebDriver.java:344)
	at pages.VerificationPage_PL1.openVerificationMenu(VerificationPage_PL1.java:141)
	at steps.VerificationStep_PL1.scroll_click_till_menu_on_the_side_bar(VerificationStep_PL1.java:32)
	at ✽.Scroll &amp; click till &quot;Verification&quot; menu on the side bar.(file:///Users/abhisheksharma/Documents/YAKSHA/Cucumber%20Projects/Selenium-Java-CucumberPL1/src/test/java/features/Verification_PL1.feature:8)
... Removed 3 stack frames</pre></div><a href='#' onClick='toggleBox("stack-trace103898036", this, "Click to show all stack frames", "Click to hide stack frames")'>Click to show all stack frames</a>
<div class='stack-trace' id='stack-trace103898036'><pre>org.openqa.selenium.NoSuchElementException: no such element: Unable to locate element: {&quot;method&quot;:&quot;xpath&quot;,&quot;selector&quot;:&quot;//a[@href=&apos;#/Verification&apos;]&quot;}
  (Session info: chrome=131.0.6778.86)
For documentation on this error, please visit: https://www.selenium.dev/documentation/webdriver/troubleshooting/errors#no-such-element-exception
Build info: version: &apos;4.10.0&apos;, revision: &apos;c14d967899&apos;
System info: os.name: &apos;Mac OS X&apos;, os.arch: &apos;x86_64&apos;, os.version: &apos;14.5&apos;, java.version: &apos;22.0.1&apos;
Driver info: org.openqa.selenium.chrome.ChromeDriver
Command: [8da9ec05bc1d0a291578cc7ff03f26a6, findElement {using=xpath, value=//a[@href=&apos;#/Verification&apos;]}]
Capabilities {acceptInsecureCerts: false, browserName: chrome, browserVersion: 131.0.6778.86, chrome: {chromedriverVersion: 131.0.6778.85 (3d81e41b6f3a..., userDataDir: /var/folders/5y/7c_nbpk94jg...}, fedcm:accounts: true, goog:chromeOptions: {debuggerAddress: localhost:57797}, networkConnectionEnabled: false, pageLoadStrategy: normal, platformName: mac, proxy: Proxy(), se:cdp: ws://localhost:57797/devtoo..., se:cdpVersion: 131.0.6778.86, setWindowRect: true, strictFileInteractability: false, timeouts: {implicit: 0, pageLoad: 300000, script: 30000}, unhandledPromptBehavior: dismiss and notify, webauthn:extension:credBlob: true, webauthn:extension:largeBlob: true, webauthn:extension:minPinLength: true, webauthn:extension:prf: true, webauthn:virtualAuthenticators: true}
Session ID: 8da9ec05bc1d0a291578cc7ff03f26a6
	at java.base/jdk.internal.reflect.DirectConstructorHandleAccessor.newInstance(DirectConstructorHandleAccessor.java:62)
	at java.base/java.lang.reflect.Constructor.newInstanceWithCaller(Constructor.java:502)
	at java.base/java.lang.reflect.Constructor.newInstance(Constructor.java:486)
	at org.openqa.selenium.remote.codec.w3c.W3CHttpResponseCodec.createException(W3CHttpResponseCodec.java:199)
	at org.openqa.selenium.remote.codec.w3c.W3CHttpResponseCodec.decode(W3CHttpResponseCodec.java:132)
	at org.openqa.selenium.remote.codec.w3c.W3CHttpResponseCodec.decode(W3CHttpResponseCodec.java:51)
	at org.openqa.selenium.remote.HttpCommandExecutor.execute(HttpCommandExecutor.java:191)
	at org.openqa.selenium.remote.service.DriverCommandExecutor.invokeExecute(DriverCommandExecutor.java:196)
	at org.openqa.selenium.remote.service.DriverCommandExecutor.execute(DriverCommandExecutor.java:171)
	at org.openqa.selenium.remote.RemoteWebDriver.execute(RemoteWebDriver.java:531)
	at org.openqa.selenium.remote.ElementLocation$ElementFinder$2.findElement(ElementLocation.java:165)
	at org.openqa.selenium.remote.ElementLocation.findElement(ElementLocation.java:59)
	at org.openqa.selenium.remote.RemoteWebDriver.findElement(RemoteWebDriver.java:350)
	at org.openqa.selenium.remote.RemoteWebDriver.findElement(RemoteWebDriver.java:344)
	at pages.VerificationPage_PL1.openVerificationMenu(VerificationPage_PL1.java:141)
	at steps.VerificationStep_PL1.scroll_click_till_menu_on_the_side_bar(VerificationStep_PL1.java:32)
	at ✽.Scroll &amp; click till &quot;Verification&quot; menu on the side bar.(file:///Users/abhisheksharma/Documents/YAKSHA/Cucumber%20Projects/Selenium-Java-CucumberPL1/src/test/java/features/Verification_PL1.feature:8)
</pre></div></td>
<td>74</td>
<td>runner.TestRunner1@1ae67cad</td></tr>
<tr>
<td title='runner.TestRunner1.runScenario()'><b>runScenario</b><br>Test class: runner.TestRunner1<br>Test method: Runs Cucumber Scenarios<br>Parameters: "Verify dates are remembered correclty", "Verification Module"</td>
<td><div><pre>org.openqa.selenium.NoSuchElementException: no such element: Unable to locate element: {&quot;method&quot;:&quot;xpath&quot;,&quot;selector&quot;:&quot;//a[@href=&apos;#/Verification&apos;]&quot;}
  (Session info: chrome=131.0.6778.86)
For documentation on this error, please visit: https://www.selenium.dev/documentation/webdriver/troubleshooting/errors#no-such-element-exception
Build info: version: &apos;4.10.0&apos;, revision: &apos;c14d967899&apos;
System info: os.name: &apos;Mac OS X&apos;, os.arch: &apos;x86_64&apos;, os.version: &apos;14.5&apos;, java.version: &apos;22.0.1&apos;
Driver info: org.openqa.selenium.chrome.ChromeDriver
Command: [04c66e88eb37217a294166e20bdc1e51, findElement {using=xpath, value=//a[@href=&apos;#/Verification&apos;]}]
Capabilities {acceptInsecureCerts: false, browserName: chrome, browserVersion: 131.0.6778.86, chrome: {chromedriverVersion: 131.0.6778.85 (3d81e41b6f3a..., userDataDir: /var/folders/5y/7c_nbpk94jg...}, fedcm:accounts: true, goog:chromeOptions: {debuggerAddress: localhost:58049}, networkConnectionEnabled: false, pageLoadStrategy: normal, platformName: mac, proxy: Proxy(), se:cdp: ws://localhost:58049/devtoo..., se:cdpVersion: 131.0.6778.86, setWindowRect: true, strictFileInteractability: false, timeouts: {implicit: 0, pageLoad: 300000, script: 30000}, unhandledPromptBehavior: dismiss and notify, webauthn:extension:credBlob: true, webauthn:extension:largeBlob: true, webauthn:extension:minPinLength: true, webauthn:extension:prf: true, webauthn:virtualAuthenticators: true}
Session ID: 04c66e88eb37217a294166e20bdc1e51
	at org.openqa.selenium.remote.codec.w3c.W3CHttpResponseCodec.createException(W3CHttpResponseCodec.java:199)
	at org.openqa.selenium.remote.codec.w3c.W3CHttpResponseCodec.decode(W3CHttpResponseCodec.java:132)
	at org.openqa.selenium.remote.codec.w3c.W3CHttpResponseCodec.decode(W3CHttpResponseCodec.java:51)
	at org.openqa.selenium.remote.HttpCommandExecutor.execute(HttpCommandExecutor.java:191)
	at org.openqa.selenium.remote.service.DriverCommandExecutor.invokeExecute(DriverCommandExecutor.java:196)
	at org.openqa.selenium.remote.service.DriverCommandExecutor.execute(DriverCommandExecutor.java:171)
	at org.openqa.selenium.remote.RemoteWebDriver.execute(RemoteWebDriver.java:531)
	at org.openqa.selenium.remote.ElementLocation$ElementFinder$2.findElement(ElementLocation.java:165)
	at org.openqa.selenium.remote.ElementLocation.findElement(ElementLocation.java:59)
	at org.openqa.selenium.remote.RemoteWebDriver.findElement(RemoteWebDriver.java:350)
	at org.openqa.selenium.remote.RemoteWebDriver.findElement(RemoteWebDriver.java:344)
	at pages.VerificationPage_PL1.openVerificationMenu(VerificationPage_PL1.java:141)
	at steps.VerificationStep_PL1.scroll_click_till_menu_on_the_side_bar(VerificationStep_PL1.java:32)
	at ✽.Scroll &amp; click till &quot;Verification&quot; menu on the side bar.(file:///Users/abhisheksharma/Documents/YAKSHA/Cucumber%20Projects/Selenium-Java-CucumberPL1/src/test/java/features/Verification_PL1.feature:58)
... Removed 3 stack frames</pre></div><a href='#' onClick='toggleBox("stack-trace1430094474", this, "Click to show all stack frames", "Click to hide stack frames")'>Click to show all stack frames</a>
<div class='stack-trace' id='stack-trace1430094474'><pre>org.openqa.selenium.NoSuchElementException: no such element: Unable to locate element: {&quot;method&quot;:&quot;xpath&quot;,&quot;selector&quot;:&quot;//a[@href=&apos;#/Verification&apos;]&quot;}
  (Session info: chrome=131.0.6778.86)
For documentation on this error, please visit: https://www.selenium.dev/documentation/webdriver/troubleshooting/errors#no-such-element-exception
Build info: version: &apos;4.10.0&apos;, revision: &apos;c14d967899&apos;
System info: os.name: &apos;Mac OS X&apos;, os.arch: &apos;x86_64&apos;, os.version: &apos;14.5&apos;, java.version: &apos;22.0.1&apos;
Driver info: org.openqa.selenium.chrome.ChromeDriver
Command: [04c66e88eb37217a294166e20bdc1e51, findElement {using=xpath, value=//a[@href=&apos;#/Verification&apos;]}]
Capabilities {acceptInsecureCerts: false, browserName: chrome, browserVersion: 131.0.6778.86, chrome: {chromedriverVersion: 131.0.6778.85 (3d81e41b6f3a..., userDataDir: /var/folders/5y/7c_nbpk94jg...}, fedcm:accounts: true, goog:chromeOptions: {debuggerAddress: localhost:58049}, networkConnectionEnabled: false, pageLoadStrategy: normal, platformName: mac, proxy: Proxy(), se:cdp: ws://localhost:58049/devtoo..., se:cdpVersion: 131.0.6778.86, setWindowRect: true, strictFileInteractability: false, timeouts: {implicit: 0, pageLoad: 300000, script: 30000}, unhandledPromptBehavior: dismiss and notify, webauthn:extension:credBlob: true, webauthn:extension:largeBlob: true, webauthn:extension:minPinLength: true, webauthn:extension:prf: true, webauthn:virtualAuthenticators: true}
Session ID: 04c66e88eb37217a294166e20bdc1e51
	at java.base/jdk.internal.reflect.DirectConstructorHandleAccessor.newInstance(DirectConstructorHandleAccessor.java:62)
	at java.base/java.lang.reflect.Constructor.newInstanceWithCaller(Constructor.java:502)
	at java.base/java.lang.reflect.Constructor.newInstance(Constructor.java:486)
	at org.openqa.selenium.remote.codec.w3c.W3CHttpResponseCodec.createException(W3CHttpResponseCodec.java:199)
	at org.openqa.selenium.remote.codec.w3c.W3CHttpResponseCodec.decode(W3CHttpResponseCodec.java:132)
	at org.openqa.selenium.remote.codec.w3c.W3CHttpResponseCodec.decode(W3CHttpResponseCodec.java:51)
	at org.openqa.selenium.remote.HttpCommandExecutor.execute(HttpCommandExecutor.java:191)
	at org.openqa.selenium.remote.service.DriverCommandExecutor.invokeExecute(DriverCommandExecutor.java:196)
	at org.openqa.selenium.remote.service.DriverCommandExecutor.execute(DriverCommandExecutor.java:171)
	at org.openqa.selenium.remote.RemoteWebDriver.execute(RemoteWebDriver.java:531)
	at org.openqa.selenium.remote.ElementLocation$ElementFinder$2.findElement(ElementLocation.java:165)
	at org.openqa.selenium.remote.ElementLocation.findElement(ElementLocation.java:59)
	at org.openqa.selenium.remote.RemoteWebDriver.findElement(RemoteWebDriver.java:350)
	at org.openqa.selenium.remote.RemoteWebDriver.findElement(RemoteWebDriver.java:344)
	at pages.VerificationPage_PL1.openVerificationMenu(VerificationPage_PL1.java:141)
	at steps.VerificationStep_PL1.scroll_click_till_menu_on_the_side_bar(VerificationStep_PL1.java:32)
	at ✽.Scroll &amp; click till &quot;Verification&quot; menu on the side bar.(file:///Users/abhisheksharma/Documents/YAKSHA/Cucumber%20Projects/Selenium-Java-CucumberPL1/src/test/java/features/Verification_PL1.feature:58)
</pre></div></td>
<td>77</td>
<td>runner.TestRunner1@1ae67cad</td></tr>
<tr>
<td title='runner.TestRunner1.runScenario()'><b>runScenario</b><br>Test class: runner.TestRunner1<br>Test method: Runs Cucumber Scenarios<br>Parameters: "Verify the required "Item" field in the Purchase Request section under the Inventory module.", "Verification Module"</td>
<td><div><pre>org.openqa.selenium.NoSuchElementException: no such element: Unable to locate element: {&quot;method&quot;:&quot;xpath&quot;,&quot;selector&quot;:&quot;//a[@href=&apos;#/Inventory&apos;]&quot;}
  (Session info: chrome=131.0.6778.86)
For documentation on this error, please visit: https://www.selenium.dev/documentation/webdriver/troubleshooting/errors#no-such-element-exception
Build info: version: &apos;4.10.0&apos;, revision: &apos;c14d967899&apos;
System info: os.name: &apos;Mac OS X&apos;, os.arch: &apos;x86_64&apos;, os.version: &apos;14.5&apos;, java.version: &apos;22.0.1&apos;
Driver info: org.openqa.selenium.chrome.ChromeDriver
Command: [c28ef986a887822b285b556d588d4fc2, findElement {using=xpath, value=//a[@href=&apos;#/Inventory&apos;]}]
Capabilities {acceptInsecureCerts: false, browserName: chrome, browserVersion: 131.0.6778.86, chrome: {chromedriverVersion: 131.0.6778.85 (3d81e41b6f3a..., userDataDir: /var/folders/5y/7c_nbpk94jg...}, fedcm:accounts: true, goog:chromeOptions: {debuggerAddress: localhost:58248}, networkConnectionEnabled: false, pageLoadStrategy: normal, platformName: mac, proxy: Proxy(), se:cdp: ws://localhost:58248/devtoo..., se:cdpVersion: 131.0.6778.86, setWindowRect: true, strictFileInteractability: false, timeouts: {implicit: 0, pageLoad: 300000, script: 30000}, unhandledPromptBehavior: dismiss and notify, webauthn:extension:credBlob: true, webauthn:extension:largeBlob: true, webauthn:extension:minPinLength: true, webauthn:extension:prf: true, webauthn:virtualAuthenticators: true}
Session ID: c28ef986a887822b285b556d588d4fc2
	at org.openqa.selenium.remote.codec.w3c.W3CHttpResponseCodec.createException(W3CHttpResponseCodec.java:199)
	at org.openqa.selenium.remote.codec.w3c.W3CHttpResponseCodec.decode(W3CHttpResponseCodec.java:132)
	at org.openqa.selenium.remote.codec.w3c.W3CHttpResponseCodec.decode(W3CHttpResponseCodec.java:51)
	at org.openqa.selenium.remote.HttpCommandExecutor.execute(HttpCommandExecutor.java:191)
	at org.openqa.selenium.remote.service.DriverCommandExecutor.invokeExecute(DriverCommandExecutor.java:196)
	at org.openqa.selenium.remote.service.DriverCommandExecutor.execute(DriverCommandExecutor.java:171)
	at org.openqa.selenium.remote.RemoteWebDriver.execute(RemoteWebDriver.java:531)
	at org.openqa.selenium.remote.ElementLocation$ElementFinder$2.findElement(ElementLocation.java:165)
	at org.openqa.selenium.remote.ElementLocation.findElement(ElementLocation.java:59)
	at org.openqa.selenium.remote.RemoteWebDriver.findElement(RemoteWebDriver.java:350)
	at org.openqa.selenium.remote.RemoteWebDriver.findElement(RemoteWebDriver.java:344)
	at coreUtilities.utils.CommonEvents.findElement(CommonEvents.java:142)
	at pages.VerificationPage_PL1.clickOnInventory(VerificationPage_PL1.java:440)
	at steps.VerificationStep_PL1.navigate_to_the_section_under_inventory(VerificationStep_PL1.java:162)
	at ✽.Navigate to the Internal section under Inventory(file:///Users/abhisheksharma/Documents/YAKSHA/Cucumber%20Projects/Selenium-Java-CucumberPL1/src/test/java/features/Verification_PL1.feature:130)
... Removed 3 stack frames</pre></div><a href='#' onClick='toggleBox("stack-trace1348191360", this, "Click to show all stack frames", "Click to hide stack frames")'>Click to show all stack frames</a>
<div class='stack-trace' id='stack-trace1348191360'><pre>org.openqa.selenium.NoSuchElementException: no such element: Unable to locate element: {&quot;method&quot;:&quot;xpath&quot;,&quot;selector&quot;:&quot;//a[@href=&apos;#/Inventory&apos;]&quot;}
  (Session info: chrome=131.0.6778.86)
For documentation on this error, please visit: https://www.selenium.dev/documentation/webdriver/troubleshooting/errors#no-such-element-exception
Build info: version: &apos;4.10.0&apos;, revision: &apos;c14d967899&apos;
System info: os.name: &apos;Mac OS X&apos;, os.arch: &apos;x86_64&apos;, os.version: &apos;14.5&apos;, java.version: &apos;22.0.1&apos;
Driver info: org.openqa.selenium.chrome.ChromeDriver
Command: [c28ef986a887822b285b556d588d4fc2, findElement {using=xpath, value=//a[@href=&apos;#/Inventory&apos;]}]
Capabilities {acceptInsecureCerts: false, browserName: chrome, browserVersion: 131.0.6778.86, chrome: {chromedriverVersion: 131.0.6778.85 (3d81e41b6f3a..., userDataDir: /var/folders/5y/7c_nbpk94jg...}, fedcm:accounts: true, goog:chromeOptions: {debuggerAddress: localhost:58248}, networkConnectionEnabled: false, pageLoadStrategy: normal, platformName: mac, proxy: Proxy(), se:cdp: ws://localhost:58248/devtoo..., se:cdpVersion: 131.0.6778.86, setWindowRect: true, strictFileInteractability: false, timeouts: {implicit: 0, pageLoad: 300000, script: 30000}, unhandledPromptBehavior: dismiss and notify, webauthn:extension:credBlob: true, webauthn:extension:largeBlob: true, webauthn:extension:minPinLength: true, webauthn:extension:prf: true, webauthn:virtualAuthenticators: true}
Session ID: c28ef986a887822b285b556d588d4fc2
	at java.base/jdk.internal.reflect.DirectConstructorHandleAccessor.newInstance(DirectConstructorHandleAccessor.java:62)
	at java.base/java.lang.reflect.Constructor.newInstanceWithCaller(Constructor.java:502)
	at java.base/java.lang.reflect.Constructor.newInstance(Constructor.java:486)
	at org.openqa.selenium.remote.codec.w3c.W3CHttpResponseCodec.createException(W3CHttpResponseCodec.java:199)
	at org.openqa.selenium.remote.codec.w3c.W3CHttpResponseCodec.decode(W3CHttpResponseCodec.java:132)
	at org.openqa.selenium.remote.codec.w3c.W3CHttpResponseCodec.decode(W3CHttpResponseCodec.java:51)
	at org.openqa.selenium.remote.HttpCommandExecutor.execute(HttpCommandExecutor.java:191)
	at org.openqa.selenium.remote.service.DriverCommandExecutor.invokeExecute(DriverCommandExecutor.java:196)
	at org.openqa.selenium.remote.service.DriverCommandExecutor.execute(DriverCommandExecutor.java:171)
	at org.openqa.selenium.remote.RemoteWebDriver.execute(RemoteWebDriver.java:531)
	at org.openqa.selenium.remote.ElementLocation$ElementFinder$2.findElement(ElementLocation.java:165)
	at org.openqa.selenium.remote.ElementLocation.findElement(ElementLocation.java:59)
	at org.openqa.selenium.remote.RemoteWebDriver.findElement(RemoteWebDriver.java:350)
	at org.openqa.selenium.remote.RemoteWebDriver.findElement(RemoteWebDriver.java:344)
	at coreUtilities.utils.CommonEvents.findElement(CommonEvents.java:142)
	at pages.VerificationPage_PL1.clickOnInventory(VerificationPage_PL1.java:440)
	at steps.VerificationStep_PL1.navigate_to_the_section_under_inventory(VerificationStep_PL1.java:162)
	at ✽.Navigate to the Internal section under Inventory(file:///Users/abhisheksharma/Documents/YAKSHA/Cucumber%20Projects/Selenium-Java-CucumberPL1/src/test/java/features/Verification_PL1.feature:130)
</pre></div></td>
<td>43</td>
<td>runner.TestRunner1@1ae67cad</td></tr>
<tr>
<td title='runner.TestRunner1.runScenario()'><b>runScenario</b><br>Test class: runner.TestRunner1<br>Test method: Runs Cucumber Scenarios<br>Parameters: "Verify to navigate on another sub tab after open the Requisition tab", "Verification Module"</td>
<td><div><pre>org.openqa.selenium.NoSuchElementException: no such element: Unable to locate element: {&quot;method&quot;:&quot;xpath&quot;,&quot;selector&quot;:&quot;//a[@href=&apos;#/Verification&apos;]&quot;}
  (Session info: chrome=131.0.6778.86)
For documentation on this error, please visit: https://www.selenium.dev/documentation/webdriver/troubleshooting/errors#no-such-element-exception
Build info: version: &apos;4.10.0&apos;, revision: &apos;c14d967899&apos;
System info: os.name: &apos;Mac OS X&apos;, os.arch: &apos;x86_64&apos;, os.version: &apos;14.5&apos;, java.version: &apos;22.0.1&apos;
Driver info: org.openqa.selenium.chrome.ChromeDriver
Command: [e5072b8ac4e7ee46adb176642e890b1c, findElement {using=xpath, value=//a[@href=&apos;#/Verification&apos;]}]
Capabilities {acceptInsecureCerts: false, browserName: chrome, browserVersion: 131.0.6778.86, chrome: {chromedriverVersion: 131.0.6778.85 (3d81e41b6f3a..., userDataDir: /var/folders/5y/7c_nbpk94jg...}, fedcm:accounts: true, goog:chromeOptions: {debuggerAddress: localhost:57900}, networkConnectionEnabled: false, pageLoadStrategy: normal, platformName: mac, proxy: Proxy(), se:cdp: ws://localhost:57900/devtoo..., se:cdpVersion: 131.0.6778.86, setWindowRect: true, strictFileInteractability: false, timeouts: {implicit: 0, pageLoad: 300000, script: 30000}, unhandledPromptBehavior: dismiss and notify, webauthn:extension:credBlob: true, webauthn:extension:largeBlob: true, webauthn:extension:minPinLength: true, webauthn:extension:prf: true, webauthn:virtualAuthenticators: true}
Session ID: e5072b8ac4e7ee46adb176642e890b1c
	at org.openqa.selenium.remote.codec.w3c.W3CHttpResponseCodec.createException(W3CHttpResponseCodec.java:199)
	at org.openqa.selenium.remote.codec.w3c.W3CHttpResponseCodec.decode(W3CHttpResponseCodec.java:132)
	at org.openqa.selenium.remote.codec.w3c.W3CHttpResponseCodec.decode(W3CHttpResponseCodec.java:51)
	at org.openqa.selenium.remote.HttpCommandExecutor.execute(HttpCommandExecutor.java:191)
	at org.openqa.selenium.remote.service.DriverCommandExecutor.invokeExecute(DriverCommandExecutor.java:196)
	at org.openqa.selenium.remote.service.DriverCommandExecutor.execute(DriverCommandExecutor.java:171)
	at org.openqa.selenium.remote.RemoteWebDriver.execute(RemoteWebDriver.java:531)
	at org.openqa.selenium.remote.ElementLocation$ElementFinder$2.findElement(ElementLocation.java:165)
	at org.openqa.selenium.remote.ElementLocation.findElement(ElementLocation.java:59)
	at org.openqa.selenium.remote.RemoteWebDriver.findElement(RemoteWebDriver.java:350)
	at org.openqa.selenium.remote.RemoteWebDriver.findElement(RemoteWebDriver.java:344)
	at pages.VerificationPage_PL1.openVerificationMenu(VerificationPage_PL1.java:141)
	at steps.VerificationStep_PL1.scroll_click_till_menu_on_the_side_bar(VerificationStep_PL1.java:32)
	at ✽.Scroll &amp; click till &quot;Verification&quot; menu on the side bar.(file:///Users/abhisheksharma/Documents/YAKSHA/Cucumber%20Projects/Selenium-Java-CucumberPL1/src/test/java/features/Verification_PL1.feature:36)
... Removed 3 stack frames</pre></div><a href='#' onClick='toggleBox("stack-trace1981518612", this, "Click to show all stack frames", "Click to hide stack frames")'>Click to show all stack frames</a>
<div class='stack-trace' id='stack-trace1981518612'><pre>org.openqa.selenium.NoSuchElementException: no such element: Unable to locate element: {&quot;method&quot;:&quot;xpath&quot;,&quot;selector&quot;:&quot;//a[@href=&apos;#/Verification&apos;]&quot;}
  (Session info: chrome=131.0.6778.86)
For documentation on this error, please visit: https://www.selenium.dev/documentation/webdriver/troubleshooting/errors#no-such-element-exception
Build info: version: &apos;4.10.0&apos;, revision: &apos;c14d967899&apos;
System info: os.name: &apos;Mac OS X&apos;, os.arch: &apos;x86_64&apos;, os.version: &apos;14.5&apos;, java.version: &apos;22.0.1&apos;
Driver info: org.openqa.selenium.chrome.ChromeDriver
Command: [e5072b8ac4e7ee46adb176642e890b1c, findElement {using=xpath, value=//a[@href=&apos;#/Verification&apos;]}]
Capabilities {acceptInsecureCerts: false, browserName: chrome, browserVersion: 131.0.6778.86, chrome: {chromedriverVersion: 131.0.6778.85 (3d81e41b6f3a..., userDataDir: /var/folders/5y/7c_nbpk94jg...}, fedcm:accounts: true, goog:chromeOptions: {debuggerAddress: localhost:57900}, networkConnectionEnabled: false, pageLoadStrategy: normal, platformName: mac, proxy: Proxy(), se:cdp: ws://localhost:57900/devtoo..., se:cdpVersion: 131.0.6778.86, setWindowRect: true, strictFileInteractability: false, timeouts: {implicit: 0, pageLoad: 300000, script: 30000}, unhandledPromptBehavior: dismiss and notify, webauthn:extension:credBlob: true, webauthn:extension:largeBlob: true, webauthn:extension:minPinLength: true, webauthn:extension:prf: true, webauthn:virtualAuthenticators: true}
Session ID: e5072b8ac4e7ee46adb176642e890b1c
	at java.base/jdk.internal.reflect.DirectConstructorHandleAccessor.newInstance(DirectConstructorHandleAccessor.java:62)
	at java.base/java.lang.reflect.Constructor.newInstanceWithCaller(Constructor.java:502)
	at java.base/java.lang.reflect.Constructor.newInstance(Constructor.java:486)
	at org.openqa.selenium.remote.codec.w3c.W3CHttpResponseCodec.createException(W3CHttpResponseCodec.java:199)
	at org.openqa.selenium.remote.codec.w3c.W3CHttpResponseCodec.decode(W3CHttpResponseCodec.java:132)
	at org.openqa.selenium.remote.codec.w3c.W3CHttpResponseCodec.decode(W3CHttpResponseCodec.java:51)
	at org.openqa.selenium.remote.HttpCommandExecutor.execute(HttpCommandExecutor.java:191)
	at org.openqa.selenium.remote.service.DriverCommandExecutor.invokeExecute(DriverCommandExecutor.java:196)
	at org.openqa.selenium.remote.service.DriverCommandExecutor.execute(DriverCommandExecutor.java:171)
	at org.openqa.selenium.remote.RemoteWebDriver.execute(RemoteWebDriver.java:531)
	at org.openqa.selenium.remote.ElementLocation$ElementFinder$2.findElement(ElementLocation.java:165)
	at org.openqa.selenium.remote.ElementLocation.findElement(ElementLocation.java:59)
	at org.openqa.selenium.remote.RemoteWebDriver.findElement(RemoteWebDriver.java:350)
	at org.openqa.selenium.remote.RemoteWebDriver.findElement(RemoteWebDriver.java:344)
	at pages.VerificationPage_PL1.openVerificationMenu(VerificationPage_PL1.java:141)
	at steps.VerificationStep_PL1.scroll_click_till_menu_on_the_side_bar(VerificationStep_PL1.java:32)
	at ✽.Scroll &amp; click till &quot;Verification&quot; menu on the side bar.(file:///Users/abhisheksharma/Documents/YAKSHA/Cucumber%20Projects/Selenium-Java-CucumberPL1/src/test/java/features/Verification_PL1.feature:36)
</pre></div></td>
<td>44</td>
<td>runner.TestRunner1@1ae67cad</td></tr>
<tr>
<td title='runner.TestRunner1.runScenario()'><b>runScenario</b><br>Test class: runner.TestRunner1<br>Test method: Runs Cucumber Scenarios<br>Parameters: "Verify scrolling of page", "Verification Module"</td>
<td><div><pre>org.openqa.selenium.NoSuchElementException: no such element: Unable to locate element: {&quot;method&quot;:&quot;xpath&quot;,&quot;selector&quot;:&quot;//a[@href=&apos;#/Verification&apos;]&quot;}
  (Session info: chrome=131.0.6778.86)
For documentation on this error, please visit: https://www.selenium.dev/documentation/webdriver/troubleshooting/errors#no-such-element-exception
Build info: version: &apos;4.10.0&apos;, revision: &apos;c14d967899&apos;
System info: os.name: &apos;Mac OS X&apos;, os.arch: &apos;x86_64&apos;, os.version: &apos;14.5&apos;, java.version: &apos;22.0.1&apos;
Driver info: org.openqa.selenium.chrome.ChromeDriver
Command: [14820709875723997facc5c3a5c6ae90, findElement {using=xpath, value=//a[@href=&apos;#/Verification&apos;]}]
Capabilities {acceptInsecureCerts: false, browserName: chrome, browserVersion: 131.0.6778.86, chrome: {chromedriverVersion: 131.0.6778.85 (3d81e41b6f3a..., userDataDir: /var/folders/5y/7c_nbpk94jg...}, fedcm:accounts: true, goog:chromeOptions: {debuggerAddress: localhost:58219}, networkConnectionEnabled: false, pageLoadStrategy: normal, platformName: mac, proxy: Proxy(), se:cdp: ws://localhost:58219/devtoo..., se:cdpVersion: 131.0.6778.86, setWindowRect: true, strictFileInteractability: false, timeouts: {implicit: 0, pageLoad: 300000, script: 30000}, unhandledPromptBehavior: dismiss and notify, webauthn:extension:credBlob: true, webauthn:extension:largeBlob: true, webauthn:extension:minPinLength: true, webauthn:extension:prf: true, webauthn:virtualAuthenticators: true}
Session ID: 14820709875723997facc5c3a5c6ae90
	at org.openqa.selenium.remote.codec.w3c.W3CHttpResponseCodec.createException(W3CHttpResponseCodec.java:199)
	at org.openqa.selenium.remote.codec.w3c.W3CHttpResponseCodec.decode(W3CHttpResponseCodec.java:132)
	at org.openqa.selenium.remote.codec.w3c.W3CHttpResponseCodec.decode(W3CHttpResponseCodec.java:51)
	at org.openqa.selenium.remote.HttpCommandExecutor.execute(HttpCommandExecutor.java:191)
	at org.openqa.selenium.remote.service.DriverCommandExecutor.invokeExecute(DriverCommandExecutor.java:196)
	at org.openqa.selenium.remote.service.DriverCommandExecutor.execute(DriverCommandExecutor.java:171)
	at org.openqa.selenium.remote.RemoteWebDriver.execute(RemoteWebDriver.java:531)
	at org.openqa.selenium.remote.ElementLocation$ElementFinder$2.findElement(ElementLocation.java:165)
	at org.openqa.selenium.remote.ElementLocation.findElement(ElementLocation.java:59)
	at org.openqa.selenium.remote.RemoteWebDriver.findElement(RemoteWebDriver.java:350)
	at org.openqa.selenium.remote.RemoteWebDriver.findElement(RemoteWebDriver.java:344)
	at pages.VerificationPage_PL1.openVerificationMenu(VerificationPage_PL1.java:141)
	at steps.VerificationStep_PL1.scroll_click_till_menu_on_the_side_bar(VerificationStep_PL1.java:32)
	at ✽.Scroll &amp; click till &quot;Verification&quot; menu on the side bar.(file:///Users/abhisheksharma/Documents/YAKSHA/Cucumber%20Projects/Selenium-Java-CucumberPL1/src/test/java/features/Verification_PL1.feature:119)
... Removed 3 stack frames</pre></div><a href='#' onClick='toggleBox("stack-trace1015829779", this, "Click to show all stack frames", "Click to hide stack frames")'>Click to show all stack frames</a>
<div class='stack-trace' id='stack-trace1015829779'><pre>org.openqa.selenium.NoSuchElementException: no such element: Unable to locate element: {&quot;method&quot;:&quot;xpath&quot;,&quot;selector&quot;:&quot;//a[@href=&apos;#/Verification&apos;]&quot;}
  (Session info: chrome=131.0.6778.86)
For documentation on this error, please visit: https://www.selenium.dev/documentation/webdriver/troubleshooting/errors#no-such-element-exception
Build info: version: &apos;4.10.0&apos;, revision: &apos;c14d967899&apos;
System info: os.name: &apos;Mac OS X&apos;, os.arch: &apos;x86_64&apos;, os.version: &apos;14.5&apos;, java.version: &apos;22.0.1&apos;
Driver info: org.openqa.selenium.chrome.ChromeDriver
Command: [14820709875723997facc5c3a5c6ae90, findElement {using=xpath, value=//a[@href=&apos;#/Verification&apos;]}]
Capabilities {acceptInsecureCerts: false, browserName: chrome, browserVersion: 131.0.6778.86, chrome: {chromedriverVersion: 131.0.6778.85 (3d81e41b6f3a..., userDataDir: /var/folders/5y/7c_nbpk94jg...}, fedcm:accounts: true, goog:chromeOptions: {debuggerAddress: localhost:58219}, networkConnectionEnabled: false, pageLoadStrategy: normal, platformName: mac, proxy: Proxy(), se:cdp: ws://localhost:58219/devtoo..., se:cdpVersion: 131.0.6778.86, setWindowRect: true, strictFileInteractability: false, timeouts: {implicit: 0, pageLoad: 300000, script: 30000}, unhandledPromptBehavior: dismiss and notify, webauthn:extension:credBlob: true, webauthn:extension:largeBlob: true, webauthn:extension:minPinLength: true, webauthn:extension:prf: true, webauthn:virtualAuthenticators: true}
Session ID: 14820709875723997facc5c3a5c6ae90
	at java.base/jdk.internal.reflect.DirectConstructorHandleAccessor.newInstance(DirectConstructorHandleAccessor.java:62)
	at java.base/java.lang.reflect.Constructor.newInstanceWithCaller(Constructor.java:502)
	at java.base/java.lang.reflect.Constructor.newInstance(Constructor.java:486)
	at org.openqa.selenium.remote.codec.w3c.W3CHttpResponseCodec.createException(W3CHttpResponseCodec.java:199)
	at org.openqa.selenium.remote.codec.w3c.W3CHttpResponseCodec.decode(W3CHttpResponseCodec.java:132)
	at org.openqa.selenium.remote.codec.w3c.W3CHttpResponseCodec.decode(W3CHttpResponseCodec.java:51)
	at org.openqa.selenium.remote.HttpCommandExecutor.execute(HttpCommandExecutor.java:191)
	at org.openqa.selenium.remote.service.DriverCommandExecutor.invokeExecute(DriverCommandExecutor.java:196)
	at org.openqa.selenium.remote.service.DriverCommandExecutor.execute(DriverCommandExecutor.java:171)
	at org.openqa.selenium.remote.RemoteWebDriver.execute(RemoteWebDriver.java:531)
	at org.openqa.selenium.remote.ElementLocation$ElementFinder$2.findElement(ElementLocation.java:165)
	at org.openqa.selenium.remote.ElementLocation.findElement(ElementLocation.java:59)
	at org.openqa.selenium.remote.RemoteWebDriver.findElement(RemoteWebDriver.java:350)
	at org.openqa.selenium.remote.RemoteWebDriver.findElement(RemoteWebDriver.java:344)
	at pages.VerificationPage_PL1.openVerificationMenu(VerificationPage_PL1.java:141)
	at steps.VerificationStep_PL1.scroll_click_till_menu_on_the_side_bar(VerificationStep_PL1.java:32)
	at ✽.Scroll &amp; click till &quot;Verification&quot; menu on the side bar.(file:///Users/abhisheksharma/Documents/YAKSHA/Cucumber%20Projects/Selenium-Java-CucumberPL1/src/test/java/features/Verification_PL1.feature:119)
</pre></div></td>
<td>42</td>
<td>runner.TestRunner1@1ae67cad</td></tr>
</table><p>
<table width='100%' border='1' class='invocation-passed'>
<tr><td colspan='4' align='center'><b>PASSED TESTS</b></td></tr>
<tr><td><b>Test method</b></td>
<td><b>Attribute(s)</b></td>
<td width="30%"><b>Exception</b></td>
<td width="10%"><b>Time (seconds)</b></td>
<td><b>Instance</b></td>
</tr>
<tr>
<td title='runner.TestRunner1.runScenario()'><b>runScenario</b><br>Test class: runner.TestRunner1<br>Test method: Runs Cucumber Scenarios<br>Parameters: "Verify data range by Select "one week" option from drop down", "Verification Module"</td>
<td></td>
<td>85</td>
<td>runner.TestRunner1@1ae67cad</td></tr>
<tr>
<td title='runner.TestRunner1.runScenario()'><b>runScenario</b><br>Test class: runner.TestRunner1<br>Test method: Runs Cucumber Scenarios<br>Parameters: "Verify the tooltip and it's text present on hover the mouse on "Star"", "Verification Module"</td>
<td></td>
<td>42</td>
<td>runner.TestRunner1@1ae67cad</td></tr>
<tr>
<td title='runner.TestRunner1.runScenario()'><b>runScenario</b><br>Test class: runner.TestRunner1<br>Test method: Runs Cucumber Scenarios<br>Parameters: "Verify the presence of Requisition tab in inventory section with all fields.", "Verification Module"</td>
<td></td>
<td>45</td>
<td>runner.TestRunner1@1ae67cad</td></tr>
<tr>
<td title='runner.TestRunner1.runScenario()'><b>runScenario</b><br>Test class: runner.TestRunner1<br>Test method: Runs Cucumber Scenarios<br>Parameters: "Verify the presence of view button", "Verification Module"</td>
<td></td>
<td>54</td>
<td>runner.TestRunner1@1ae67cad</td></tr>
<tr>
<td title='runner.TestRunner1.runScenario()'><b>runScenario</b><br>Test class: runner.TestRunner1<br>Test method: Runs Cucumber Scenarios<br>Parameters: "Verify to filter the records by Select active drop down from Requisition Status", "Verification Module"</td>
<td></td>
<td>73</td>
<td>runner.TestRunner1@1ae67cad</td></tr>
<tr>
<td title='runner.TestRunner1.runScenario()'><b>runScenario</b><br>Test class: runner.TestRunner1<br>Test method: Runs Cucumber Scenarios<br>Parameters: "Verify to search the data by picking the date filter", "Verification Module"</td>
<td></td>
<td>68</td>
<td>runner.TestRunner1@1ae67cad</td></tr>
<tr>
<td title='runner.TestRunner1.runScenario()'><b>runScenario</b><br>Test class: runner.TestRunner1<br>Test method: Runs Cucumber Scenarios<br>Parameters: "Verify following radio buttons are selectable:Pending, Approved, Rejected & All", "Verification Module"</td>
<td></td>
<td>36</td>
<td>runner.TestRunner1@1ae67cad</td></tr>
<tr>
<td title='runner.TestRunner1.runScenario()'><b>runScenario</b><br>Test class: runner.TestRunner1<br>Test method: Runs Cucumber Scenarios<br>Parameters: "Verify all sub-modules are displayed correctly after Clicking on the "verification" Module.", "Verification Module"</td>
<td></td>
<td>30</td>
<td>runner.TestRunner1@1ae67cad</td></tr>
<tr>
<td title='runner.TestRunner1.runScenario()'><b>runScenario</b><br>Test class: runner.TestRunner1<br>Test method: Runs Cucumber Scenarios<br>Parameters: "Verify Record Count Matches in Purchase Request", "Verification Module"</td>
<td></td>
<td>41</td>
<td>runner.TestRunner1@1ae67cad</td></tr>
</table><p>
</body>
</html>