<?xml version="1.0" encoding="UTF-8"?>
<testsuite name="Cucumber" time="856.207" tests="15" skipped="0" failures="6" errors="0">
<testcase classname="Verification Module" name="Verify the verfication module is present or not" time="74.532">
<failure type="org.openqa.selenium.NoSuchElementException" message="no such element: Unable to locate element: {&quot;method&quot;:&quot;xpath&quot;,&quot;selector&quot;:&quot;//a[@href='#/Verification']&quot;}
  (Session info: chrome=131.0.6778.86)
For documentation on this error, please visit: https://www.selenium.dev/documentation/webdriver/troubleshooting/errors#no-such-element-exception
Build info: version: '4.10.0', revision: 'c14d967899'
System info: os.name: 'Mac OS X', os.arch: 'x86_64', os.version: '14.5', java.version: '22.0.1'
Driver info: org.openqa.selenium.chrome.ChromeDriver
Command: [8da9ec05bc1d0a291578cc7ff03f26a6, findElement {using=xpath, value=//a[@href='#/Verification']}]
Capabilities {acceptInsecureCerts: false, browserName: chrome, browserVersion: 131.0.6778.86, chrome: {chromedriverVersion: 131.0.6778.85 (3d81e41b6f3a..., userDataDir: /var/folders/5y/7c_nbpk94jg...}, fedcm:accounts: true, goog:chromeOptions: {debuggerAddress: localhost:57797}, networkConnectionEnabled: false, pageLoadStrategy: normal, platformName: mac, proxy: Proxy(), se:cdp: ws://localhost:57797/devtoo..., se:cdpVersion: 131.0.6778.86, setWindowRect: true, strictFileInteractability: false, timeouts: {implicit: 0, pageLoad: 300000, script: 30000}, unhandledPromptBehavior: dismiss and notify, webauthn:extension:credBlob: true, webauthn:extension:largeBlob: true, webauthn:extension:minPinLength: true, webauthn:extension:prf: true, webauthn:virtualAuthenticators: true}
Session ID: 8da9ec05bc1d0a291578cc7ff03f26a6">
<![CDATA[org.openqa.selenium.NoSuchElementException: no such element: Unable to locate element: {"method":"xpath","selector":"//a[@href='#/Verification']"}
  (Session info: chrome=131.0.6778.86)
For documentation on this error, please visit: https://www.selenium.dev/documentation/webdriver/troubleshooting/errors#no-such-element-exception
Build info: version: '4.10.0', revision: 'c14d967899'
System info: os.name: 'Mac OS X', os.arch: 'x86_64', os.version: '14.5', java.version: '22.0.1'
Driver info: org.openqa.selenium.chrome.ChromeDriver
Command: [8da9ec05bc1d0a291578cc7ff03f26a6, findElement {using=xpath, value=//a[@href='#/Verification']}]
Capabilities {acceptInsecureCerts: false, browserName: chrome, browserVersion: 131.0.6778.86, chrome: {chromedriverVersion: 131.0.6778.85 (3d81e41b6f3a..., userDataDir: /var/folders/5y/7c_nbpk94jg...}, fedcm:accounts: true, goog:chromeOptions: {debuggerAddress: localhost:57797}, networkConnectionEnabled: false, pageLoadStrategy: normal, platformName: mac, proxy: Proxy(), se:cdp: ws://localhost:57797/devtoo..., se:cdpVersion: 131.0.6778.86, setWindowRect: true, strictFileInteractability: false, timeouts: {implicit: 0, pageLoad: 300000, script: 30000}, unhandledPromptBehavior: dismiss and notify, webauthn:extension:credBlob: true, webauthn:extension:largeBlob: true, webauthn:extension:minPinLength: true, webauthn:extension:prf: true, webauthn:virtualAuthenticators: true}
Session ID: 8da9ec05bc1d0a291578cc7ff03f26a6
	at java.base/jdk.internal.reflect.DirectConstructorHandleAccessor.newInstance(DirectConstructorHandleAccessor.java:62)
	at java.base/java.lang.reflect.Constructor.newInstanceWithCaller(Constructor.java:502)
	at java.base/java.lang.reflect.Constructor.newInstance(Constructor.java:486)
	at org.openqa.selenium.remote.codec.w3c.W3CHttpResponseCodec.createException(W3CHttpResponseCodec.java:199)
	at org.openqa.selenium.remote.codec.w3c.W3CHttpResponseCodec.decode(W3CHttpResponseCodec.java:132)
	at org.openqa.selenium.remote.codec.w3c.W3CHttpResponseCodec.decode(W3CHttpResponseCodec.java:51)
	at org.openqa.selenium.remote.HttpCommandExecutor.execute(HttpCommandExecutor.java:191)
	at org.openqa.selenium.remote.service.DriverCommandExecutor.invokeExecute(DriverCommandExecutor.java:196)
	at org.openqa.selenium.remote.service.DriverCommandExecutor.execute(DriverCommandExecutor.java:171)
	at org.openqa.selenium.remote.RemoteWebDriver.execute(RemoteWebDriver.java:531)
	at org.openqa.selenium.remote.ElementLocation$ElementFinder$2.findElement(ElementLocation.java:165)
	at org.openqa.selenium.remote.ElementLocation.findElement(ElementLocation.java:59)
	at org.openqa.selenium.remote.RemoteWebDriver.findElement(RemoteWebDriver.java:350)
	at org.openqa.selenium.remote.RemoteWebDriver.findElement(RemoteWebDriver.java:344)
	at pages.VerificationPage_PL1.openVerificationMenu(VerificationPage_PL1.java:141)
	at steps.VerificationStep_PL1.scroll_click_till_menu_on_the_side_bar(VerificationStep_PL1.java:32)
	at ✽.Scroll & click till "Verification" menu on the side bar.(file:///Users/abhisheksharma/Documents/YAKSHA/Cucumber%20Projects/Selenium-Java-CucumberPL1/src/test/java/features/Verification_PL1.feature:8)
]]>
</failure>
<system-out><![CDATA[
When Login in the healthapp application.....................................passed
Given Scroll & click till "Verification" menu on the side bar...............failed
Then Verify that the user is able to navigate to "Verification" section.....skipped
]]></system-out>
</testcase>
<testcase classname="Verification Module" name="Verify all sub-modules are displayed correctly after Clicking on the &quot;verification&quot; Module." time="30.35">
<system-out><![CDATA[
When Login in the healthapp application.....................................passed
Given Scroll & click till "Verification" menu on the side bar...............passed
Then Verify that the user is able to navigate to "Verification" section.....passed
Then Verify that "Inventory" button is visible..............................passed
Then Verify that "Pharmacy" button is visible...............................passed
]]></system-out>
</testcase>
<testcase classname="Verification Module" name="Verify the presence of Requisition tab in inventory section with all fields." time="45.689">
<system-out><![CDATA[
When Login in the healthapp application.....................................passed
Given Scroll & click till "Verification" menu on the side bar...............passed
Then Verify that the user is able to navigate to "Verification" section.....passed
Then Verify that "Inventory" button is visible..............................passed
Then Verify that "Pharmacy" button is visible...............................passed
And Click on "Requisition" under "Inventory"................................passed
Then Verify these elements are visible on the page Requisition, Purchase Request, Purchase Order, GR Quality Inspection, Ok, print, First, Previous, Next, Last, view, search bar, Requisition Status, Date range, Pending, Approved, Rejected.passed
]]></system-out>
</testcase>
<testcase classname="Verification Module" name="Verify to navigate on another sub module after open the inventory module" time="34.056">
<failure type="java.lang.AssertionError" message="URL does not contains the expected substring: Verification">
<![CDATA[java.lang.AssertionError: URL does not contains the expected substring: Verification
	at org.testng.Assert.fail(Assert.java:111)
	at pages.VerificationPage_PL1.successfullNavigation(VerificationPage_PL1.java:163)
	at steps.VerificationStep_PL1.verify_that_the_user_is_able_to_navigate_to_section(VerificationStep_PL1.java:37)
	at ✽.Verify that the user is able to navigate to "Verification" section(file:///Users/abhisheksharma/Documents/YAKSHA/Cucumber%20Projects/Selenium-Java-CucumberPL1/src/test/java/features/Verification_PL1.feature:30)
]]>
</failure>
<system-out><![CDATA[
When Login in the healthapp application.....................................passed
Given Scroll & click till "Verification" menu on the side bar...............passed
Then Verify that the user is able to navigate to "Verification" section.....failed
And Click on "Pharmacy" tab.................................................skipped
Then Verify that the user is able to navigate to "Verification/Pharmacy/" section.skipped
]]></system-out>
</testcase>
<testcase classname="Verification Module" name="Verify to navigate on another sub tab after open the Requisition tab" time="44.904">
<failure type="org.openqa.selenium.NoSuchElementException" message="no such element: Unable to locate element: {&quot;method&quot;:&quot;xpath&quot;,&quot;selector&quot;:&quot;//a[@href='#/Verification']&quot;}
  (Session info: chrome=131.0.6778.86)
For documentation on this error, please visit: https://www.selenium.dev/documentation/webdriver/troubleshooting/errors#no-such-element-exception
Build info: version: '4.10.0', revision: 'c14d967899'
System info: os.name: 'Mac OS X', os.arch: 'x86_64', os.version: '14.5', java.version: '22.0.1'
Driver info: org.openqa.selenium.chrome.ChromeDriver
Command: [e5072b8ac4e7ee46adb176642e890b1c, findElement {using=xpath, value=//a[@href='#/Verification']}]
Capabilities {acceptInsecureCerts: false, browserName: chrome, browserVersion: 131.0.6778.86, chrome: {chromedriverVersion: 131.0.6778.85 (3d81e41b6f3a..., userDataDir: /var/folders/5y/7c_nbpk94jg...}, fedcm:accounts: true, goog:chromeOptions: {debuggerAddress: localhost:57900}, networkConnectionEnabled: false, pageLoadStrategy: normal, platformName: mac, proxy: Proxy(), se:cdp: ws://localhost:57900/devtoo..., se:cdpVersion: 131.0.6778.86, setWindowRect: true, strictFileInteractability: false, timeouts: {implicit: 0, pageLoad: 300000, script: 30000}, unhandledPromptBehavior: dismiss and notify, webauthn:extension:credBlob: true, webauthn:extension:largeBlob: true, webauthn:extension:minPinLength: true, webauthn:extension:prf: true, webauthn:virtualAuthenticators: true}
Session ID: e5072b8ac4e7ee46adb176642e890b1c">
<![CDATA[org.openqa.selenium.NoSuchElementException: no such element: Unable to locate element: {"method":"xpath","selector":"//a[@href='#/Verification']"}
  (Session info: chrome=131.0.6778.86)
For documentation on this error, please visit: https://www.selenium.dev/documentation/webdriver/troubleshooting/errors#no-such-element-exception
Build info: version: '4.10.0', revision: 'c14d967899'
System info: os.name: 'Mac OS X', os.arch: 'x86_64', os.version: '14.5', java.version: '22.0.1'
Driver info: org.openqa.selenium.chrome.ChromeDriver
Command: [e5072b8ac4e7ee46adb176642e890b1c, findElement {using=xpath, value=//a[@href='#/Verification']}]
Capabilities {acceptInsecureCerts: false, browserName: chrome, browserVersion: 131.0.6778.86, chrome: {chromedriverVersion: 131.0.6778.85 (3d81e41b6f3a..., userDataDir: /var/folders/5y/7c_nbpk94jg...}, fedcm:accounts: true, goog:chromeOptions: {debuggerAddress: localhost:57900}, networkConnectionEnabled: false, pageLoadStrategy: normal, platformName: mac, proxy: Proxy(), se:cdp: ws://localhost:57900/devtoo..., se:cdpVersion: 131.0.6778.86, setWindowRect: true, strictFileInteractability: false, timeouts: {implicit: 0, pageLoad: 300000, script: 30000}, unhandledPromptBehavior: dismiss and notify, webauthn:extension:credBlob: true, webauthn:extension:largeBlob: true, webauthn:extension:minPinLength: true, webauthn:extension:prf: true, webauthn:virtualAuthenticators: true}
Session ID: e5072b8ac4e7ee46adb176642e890b1c
	at java.base/jdk.internal.reflect.DirectConstructorHandleAccessor.newInstance(DirectConstructorHandleAccessor.java:62)
	at java.base/java.lang.reflect.Constructor.newInstanceWithCaller(Constructor.java:502)
	at java.base/java.lang.reflect.Constructor.newInstance(Constructor.java:486)
	at org.openqa.selenium.remote.codec.w3c.W3CHttpResponseCodec.createException(W3CHttpResponseCodec.java:199)
	at org.openqa.selenium.remote.codec.w3c.W3CHttpResponseCodec.decode(W3CHttpResponseCodec.java:132)
	at org.openqa.selenium.remote.codec.w3c.W3CHttpResponseCodec.decode(W3CHttpResponseCodec.java:51)
	at org.openqa.selenium.remote.HttpCommandExecutor.execute(HttpCommandExecutor.java:191)
	at org.openqa.selenium.remote.service.DriverCommandExecutor.invokeExecute(DriverCommandExecutor.java:196)
	at org.openqa.selenium.remote.service.DriverCommandExecutor.execute(DriverCommandExecutor.java:171)
	at org.openqa.selenium.remote.RemoteWebDriver.execute(RemoteWebDriver.java:531)
	at org.openqa.selenium.remote.ElementLocation$ElementFinder$2.findElement(ElementLocation.java:165)
	at org.openqa.selenium.remote.ElementLocation.findElement(ElementLocation.java:59)
	at org.openqa.selenium.remote.RemoteWebDriver.findElement(RemoteWebDriver.java:350)
	at org.openqa.selenium.remote.RemoteWebDriver.findElement(RemoteWebDriver.java:344)
	at pages.VerificationPage_PL1.openVerificationMenu(VerificationPage_PL1.java:141)
	at steps.VerificationStep_PL1.scroll_click_till_menu_on_the_side_bar(VerificationStep_PL1.java:32)
	at ✽.Scroll & click till "Verification" menu on the side bar.(file:///Users/abhisheksharma/Documents/YAKSHA/Cucumber%20Projects/Selenium-Java-CucumberPL1/src/test/java/features/Verification_PL1.feature:36)
]]>
</failure>
<system-out><![CDATA[
When Login in the healthapp application.....................................passed
Given Scroll & click till "Verification" menu on the side bar...............failed
Then Verify that the user is able to navigate to "Verification" section.....skipped
And Click on "Purchase Order" under "Inventory".............................skipped
Then Verify that the user is able to navigate to "Verification/Inventory/PurchaseOrder" section.skipped
]]></system-out>
</testcase>
<testcase classname="Verification Module" name="Verify to search the data by picking the date filter" time="68.626">
<system-out><![CDATA[
When Login in the healthapp application.....................................passed
Given Scroll & click till "Verification" menu on the side bar...............passed
Then Verify that the "Verification" menu is visible.........................passed
And Choose the date from Jan 2020 to March 2024.............................passed
And Click on the "all" Radio button from List by Verification Status........passed
And Click on OK button......................................................passed
Then Verify that all the dates present inside the requested date are within the range.passed
]]></system-out>
</testcase>
<testcase classname="Verification Module" name="Verify the tooltip and it's text present on hover the mouse on &quot;Star&quot;" time="42.004">
<system-out><![CDATA[
When Login in the healthapp application.....................................passed
Given Scroll & click till "Verification" menu on the side bar...............passed
Then Verify that the "Verification" menu is visible.........................passed
Then Hover on the star and Verify tooltip text as "Remember this Date"......passed
]]></system-out>
</testcase>
<testcase classname="Verification Module" name="Verify dates are remembered correclty" time="77.213">
<failure type="org.openqa.selenium.NoSuchElementException" message="no such element: Unable to locate element: {&quot;method&quot;:&quot;xpath&quot;,&quot;selector&quot;:&quot;//a[@href='#/Verification']&quot;}
  (Session info: chrome=131.0.6778.86)
For documentation on this error, please visit: https://www.selenium.dev/documentation/webdriver/troubleshooting/errors#no-such-element-exception
Build info: version: '4.10.0', revision: 'c14d967899'
System info: os.name: 'Mac OS X', os.arch: 'x86_64', os.version: '14.5', java.version: '22.0.1'
Driver info: org.openqa.selenium.chrome.ChromeDriver
Command: [04c66e88eb37217a294166e20bdc1e51, findElement {using=xpath, value=//a[@href='#/Verification']}]
Capabilities {acceptInsecureCerts: false, browserName: chrome, browserVersion: 131.0.6778.86, chrome: {chromedriverVersion: 131.0.6778.85 (3d81e41b6f3a..., userDataDir: /var/folders/5y/7c_nbpk94jg...}, fedcm:accounts: true, goog:chromeOptions: {debuggerAddress: localhost:58049}, networkConnectionEnabled: false, pageLoadStrategy: normal, platformName: mac, proxy: Proxy(), se:cdp: ws://localhost:58049/devtoo..., se:cdpVersion: 131.0.6778.86, setWindowRect: true, strictFileInteractability: false, timeouts: {implicit: 0, pageLoad: 300000, script: 30000}, unhandledPromptBehavior: dismiss and notify, webauthn:extension:credBlob: true, webauthn:extension:largeBlob: true, webauthn:extension:minPinLength: true, webauthn:extension:prf: true, webauthn:virtualAuthenticators: true}
Session ID: 04c66e88eb37217a294166e20bdc1e51">
<![CDATA[org.openqa.selenium.NoSuchElementException: no such element: Unable to locate element: {"method":"xpath","selector":"//a[@href='#/Verification']"}
  (Session info: chrome=131.0.6778.86)
For documentation on this error, please visit: https://www.selenium.dev/documentation/webdriver/troubleshooting/errors#no-such-element-exception
Build info: version: '4.10.0', revision: 'c14d967899'
System info: os.name: 'Mac OS X', os.arch: 'x86_64', os.version: '14.5', java.version: '22.0.1'
Driver info: org.openqa.selenium.chrome.ChromeDriver
Command: [04c66e88eb37217a294166e20bdc1e51, findElement {using=xpath, value=//a[@href='#/Verification']}]
Capabilities {acceptInsecureCerts: false, browserName: chrome, browserVersion: 131.0.6778.86, chrome: {chromedriverVersion: 131.0.6778.85 (3d81e41b6f3a..., userDataDir: /var/folders/5y/7c_nbpk94jg...}, fedcm:accounts: true, goog:chromeOptions: {debuggerAddress: localhost:58049}, networkConnectionEnabled: false, pageLoadStrategy: normal, platformName: mac, proxy: Proxy(), se:cdp: ws://localhost:58049/devtoo..., se:cdpVersion: 131.0.6778.86, setWindowRect: true, strictFileInteractability: false, timeouts: {implicit: 0, pageLoad: 300000, script: 30000}, unhandledPromptBehavior: dismiss and notify, webauthn:extension:credBlob: true, webauthn:extension:largeBlob: true, webauthn:extension:minPinLength: true, webauthn:extension:prf: true, webauthn:virtualAuthenticators: true}
Session ID: 04c66e88eb37217a294166e20bdc1e51
	at java.base/jdk.internal.reflect.DirectConstructorHandleAccessor.newInstance(DirectConstructorHandleAccessor.java:62)
	at java.base/java.lang.reflect.Constructor.newInstanceWithCaller(Constructor.java:502)
	at java.base/java.lang.reflect.Constructor.newInstance(Constructor.java:486)
	at org.openqa.selenium.remote.codec.w3c.W3CHttpResponseCodec.createException(W3CHttpResponseCodec.java:199)
	at org.openqa.selenium.remote.codec.w3c.W3CHttpResponseCodec.decode(W3CHttpResponseCodec.java:132)
	at org.openqa.selenium.remote.codec.w3c.W3CHttpResponseCodec.decode(W3CHttpResponseCodec.java:51)
	at org.openqa.selenium.remote.HttpCommandExecutor.execute(HttpCommandExecutor.java:191)
	at org.openqa.selenium.remote.service.DriverCommandExecutor.invokeExecute(DriverCommandExecutor.java:196)
	at org.openqa.selenium.remote.service.DriverCommandExecutor.execute(DriverCommandExecutor.java:171)
	at org.openqa.selenium.remote.RemoteWebDriver.execute(RemoteWebDriver.java:531)
	at org.openqa.selenium.remote.ElementLocation$ElementFinder$2.findElement(ElementLocation.java:165)
	at org.openqa.selenium.remote.ElementLocation.findElement(ElementLocation.java:59)
	at org.openqa.selenium.remote.RemoteWebDriver.findElement(RemoteWebDriver.java:350)
	at org.openqa.selenium.remote.RemoteWebDriver.findElement(RemoteWebDriver.java:344)
	at pages.VerificationPage_PL1.openVerificationMenu(VerificationPage_PL1.java:141)
	at steps.VerificationStep_PL1.scroll_click_till_menu_on_the_side_bar(VerificationStep_PL1.java:32)
	at ✽.Scroll & click till "Verification" menu on the side bar.(file:///Users/abhisheksharma/Documents/YAKSHA/Cucumber%20Projects/Selenium-Java-CucumberPL1/src/test/java/features/Verification_PL1.feature:58)
]]>
</failure>
<system-out><![CDATA[
When Login in the healthapp application.....................................passed
Given Scroll & click till "Verification" menu on the side bar...............failed
Then Verify that the user is able to navigate to "Verification" section.....skipped
And Choose the date from Jan 2020 to March 2024.............................skipped
And Click on tooltip button.................................................skipped
And Click on OK button......................................................skipped
And Click on "Pharmacy" tab.................................................skipped
And Click on "Inventory" tab................................................skipped
Then Verify that the date range remains the same............................skipped
]]></system-out>
</testcase>
<testcase classname="Verification Module" name="Verify data range by Select &quot;one week&quot; option from drop down" time="85.289">
<system-out><![CDATA[
When Login in the healthapp application.....................................passed
Given Scroll & click till "Verification" menu on the side bar...............passed
Then Verify that the user is able to navigate to "Verification" section.....passed
And Select 'Last 1 Week' option from the date range dropdown................passed
And Click on OK button......................................................passed
Then Verify that all the dates present inside the requested date are within the range.passed
]]></system-out>
</testcase>
<testcase classname="Verification Module" name="Verify following radio buttons are selectable:Pending, Approved, Rejected &amp; All" time="36.233">
<system-out><![CDATA[
When Login in the healthapp application.....................................passed
Given Scroll & click till "Verification" menu on the side bar...............passed
Then Verify that the user is able to navigate to "Verification" section.....passed
And Click on the "pending" Radio button from List by Verification Status....passed
And Click on the "approved" Radio button from List by Verification Status...passed
And Click on the "rejected" Radio button from List by Verification Status...passed
And Click on the "all" Radio button from List by Verification Status........passed
]]></system-out>
</testcase>
<testcase classname="Verification Module" name="Verify to filter the records by Select active drop down from Requisition Status" time="73.893">
<system-out><![CDATA[
When Login in the healthapp application.....................................passed
Given Scroll & click till "Verification" menu on the side bar...............passed
Then Verify that the user is able to navigate to "Verification" section.....passed
And Choose "active" option from requistion status dropdown..................passed
Then Verify that the choosen option is 'active'.............................passed
]]></system-out>
</testcase>
<testcase classname="Verification Module" name="Verify the presence of view button" time="54.786">
<system-out><![CDATA[
When Login in the healthapp application.....................................passed
Given Scroll & click till "Verification" menu on the side bar...............passed
Then Verify that the user is able to navigate to "Verification" section.....passed
And Click on the "all" Radio button from List by Verification Status........passed
And Choose "active" option from requistion status dropdown..................passed
And Choose the date from Jan 2020 to March 2024.............................passed
And Click on OK button......................................................passed
And Fetch the requisition Id & Click on View button from the first row of requisition data.passed
Then Verify the requisition Id..............................................passed
]]></system-out>
</testcase>
<testcase classname="Verification Module" name="Verify Record Count Matches in Purchase Request" time="41.819">
<system-out><![CDATA[
When Login in the healthapp application.....................................passed
Given Scroll & click till "Verification" menu on the side bar...............passed
Then Verify that the user is able to navigate to "Verification" section.....passed
And Click on "Purchase Request" under "Inventory"...........................passed
And Choose the date from Jan 2020 to March 2024.............................passed
And Click on the "all" Radio button from List by Verification Status........passed
And Click on OK button......................................................passed
Then Fetch the total count and check if it matches with total items displayed.passed
]]></system-out>
</testcase>
<testcase classname="Verification Module" name="Verify scrolling of page" time="42.244">
<failure type="org.openqa.selenium.NoSuchElementException" message="no such element: Unable to locate element: {&quot;method&quot;:&quot;xpath&quot;,&quot;selector&quot;:&quot;//a[@href='#/Verification']&quot;}
  (Session info: chrome=131.0.6778.86)
For documentation on this error, please visit: https://www.selenium.dev/documentation/webdriver/troubleshooting/errors#no-such-element-exception
Build info: version: '4.10.0', revision: 'c14d967899'
System info: os.name: 'Mac OS X', os.arch: 'x86_64', os.version: '14.5', java.version: '22.0.1'
Driver info: org.openqa.selenium.chrome.ChromeDriver
Command: [14820709875723997facc5c3a5c6ae90, findElement {using=xpath, value=//a[@href='#/Verification']}]
Capabilities {acceptInsecureCerts: false, browserName: chrome, browserVersion: 131.0.6778.86, chrome: {chromedriverVersion: 131.0.6778.85 (3d81e41b6f3a..., userDataDir: /var/folders/5y/7c_nbpk94jg...}, fedcm:accounts: true, goog:chromeOptions: {debuggerAddress: localhost:58219}, networkConnectionEnabled: false, pageLoadStrategy: normal, platformName: mac, proxy: Proxy(), se:cdp: ws://localhost:58219/devtoo..., se:cdpVersion: 131.0.6778.86, setWindowRect: true, strictFileInteractability: false, timeouts: {implicit: 0, pageLoad: 300000, script: 30000}, unhandledPromptBehavior: dismiss and notify, webauthn:extension:credBlob: true, webauthn:extension:largeBlob: true, webauthn:extension:minPinLength: true, webauthn:extension:prf: true, webauthn:virtualAuthenticators: true}
Session ID: 14820709875723997facc5c3a5c6ae90">
<![CDATA[org.openqa.selenium.NoSuchElementException: no such element: Unable to locate element: {"method":"xpath","selector":"//a[@href='#/Verification']"}
  (Session info: chrome=131.0.6778.86)
For documentation on this error, please visit: https://www.selenium.dev/documentation/webdriver/troubleshooting/errors#no-such-element-exception
Build info: version: '4.10.0', revision: 'c14d967899'
System info: os.name: 'Mac OS X', os.arch: 'x86_64', os.version: '14.5', java.version: '22.0.1'
Driver info: org.openqa.selenium.chrome.ChromeDriver
Command: [14820709875723997facc5c3a5c6ae90, findElement {using=xpath, value=//a[@href='#/Verification']}]
Capabilities {acceptInsecureCerts: false, browserName: chrome, browserVersion: 131.0.6778.86, chrome: {chromedriverVersion: 131.0.6778.85 (3d81e41b6f3a..., userDataDir: /var/folders/5y/7c_nbpk94jg...}, fedcm:accounts: true, goog:chromeOptions: {debuggerAddress: localhost:58219}, networkConnectionEnabled: false, pageLoadStrategy: normal, platformName: mac, proxy: Proxy(), se:cdp: ws://localhost:58219/devtoo..., se:cdpVersion: 131.0.6778.86, setWindowRect: true, strictFileInteractability: false, timeouts: {implicit: 0, pageLoad: 300000, script: 30000}, unhandledPromptBehavior: dismiss and notify, webauthn:extension:credBlob: true, webauthn:extension:largeBlob: true, webauthn:extension:minPinLength: true, webauthn:extension:prf: true, webauthn:virtualAuthenticators: true}
Session ID: 14820709875723997facc5c3a5c6ae90
	at java.base/jdk.internal.reflect.DirectConstructorHandleAccessor.newInstance(DirectConstructorHandleAccessor.java:62)
	at java.base/java.lang.reflect.Constructor.newInstanceWithCaller(Constructor.java:502)
	at java.base/java.lang.reflect.Constructor.newInstance(Constructor.java:486)
	at org.openqa.selenium.remote.codec.w3c.W3CHttpResponseCodec.createException(W3CHttpResponseCodec.java:199)
	at org.openqa.selenium.remote.codec.w3c.W3CHttpResponseCodec.decode(W3CHttpResponseCodec.java:132)
	at org.openqa.selenium.remote.codec.w3c.W3CHttpResponseCodec.decode(W3CHttpResponseCodec.java:51)
	at org.openqa.selenium.remote.HttpCommandExecutor.execute(HttpCommandExecutor.java:191)
	at org.openqa.selenium.remote.service.DriverCommandExecutor.invokeExecute(DriverCommandExecutor.java:196)
	at org.openqa.selenium.remote.service.DriverCommandExecutor.execute(DriverCommandExecutor.java:171)
	at org.openqa.selenium.remote.RemoteWebDriver.execute(RemoteWebDriver.java:531)
	at org.openqa.selenium.remote.ElementLocation$ElementFinder$2.findElement(ElementLocation.java:165)
	at org.openqa.selenium.remote.ElementLocation.findElement(ElementLocation.java:59)
	at org.openqa.selenium.remote.RemoteWebDriver.findElement(RemoteWebDriver.java:350)
	at org.openqa.selenium.remote.RemoteWebDriver.findElement(RemoteWebDriver.java:344)
	at pages.VerificationPage_PL1.openVerificationMenu(VerificationPage_PL1.java:141)
	at steps.VerificationStep_PL1.scroll_click_till_menu_on_the_side_bar(VerificationStep_PL1.java:32)
	at ✽.Scroll & click till "Verification" menu on the side bar.(file:///Users/abhisheksharma/Documents/YAKSHA/Cucumber%20Projects/Selenium-Java-CucumberPL1/src/test/java/features/Verification_PL1.feature:119)
]]>
</failure>
<system-out><![CDATA[
When Login in the healthapp application.....................................passed
Given Scroll & click till "Verification" menu on the side bar...............failed
Then Verify that the user is able to navigate to "Verification" section.....skipped
And Click on "Purchase Request" under "Inventory"...........................skipped
Then Verify Pending radio button is visible.................................skipped
And Scroll all the way to the bottom of the page............................skipped
Then Verify Previous button is visible......................................skipped
And Scroll all the way to the top of the page...............................skipped
]]></system-out>
</testcase>
<testcase classname="Verification Module" name="Verify the required &quot;Item&quot; field in the Purchase Request section under the Inventory module." time="43.641">
<failure type="org.openqa.selenium.NoSuchElementException" message="no such element: Unable to locate element: {&quot;method&quot;:&quot;xpath&quot;,&quot;selector&quot;:&quot;//a[@href='#/Inventory']&quot;}
  (Session info: chrome=131.0.6778.86)
For documentation on this error, please visit: https://www.selenium.dev/documentation/webdriver/troubleshooting/errors#no-such-element-exception
Build info: version: '4.10.0', revision: 'c14d967899'
System info: os.name: 'Mac OS X', os.arch: 'x86_64', os.version: '14.5', java.version: '22.0.1'
Driver info: org.openqa.selenium.chrome.ChromeDriver
Command: [c28ef986a887822b285b556d588d4fc2, findElement {using=xpath, value=//a[@href='#/Inventory']}]
Capabilities {acceptInsecureCerts: false, browserName: chrome, browserVersion: 131.0.6778.86, chrome: {chromedriverVersion: 131.0.6778.85 (3d81e41b6f3a..., userDataDir: /var/folders/5y/7c_nbpk94jg...}, fedcm:accounts: true, goog:chromeOptions: {debuggerAddress: localhost:58248}, networkConnectionEnabled: false, pageLoadStrategy: normal, platformName: mac, proxy: Proxy(), se:cdp: ws://localhost:58248/devtoo..., se:cdpVersion: 131.0.6778.86, setWindowRect: true, strictFileInteractability: false, timeouts: {implicit: 0, pageLoad: 300000, script: 30000}, unhandledPromptBehavior: dismiss and notify, webauthn:extension:credBlob: true, webauthn:extension:largeBlob: true, webauthn:extension:minPinLength: true, webauthn:extension:prf: true, webauthn:virtualAuthenticators: true}
Session ID: c28ef986a887822b285b556d588d4fc2">
<![CDATA[org.openqa.selenium.NoSuchElementException: no such element: Unable to locate element: {"method":"xpath","selector":"//a[@href='#/Inventory']"}
  (Session info: chrome=131.0.6778.86)
For documentation on this error, please visit: https://www.selenium.dev/documentation/webdriver/troubleshooting/errors#no-such-element-exception
Build info: version: '4.10.0', revision: 'c14d967899'
System info: os.name: 'Mac OS X', os.arch: 'x86_64', os.version: '14.5', java.version: '22.0.1'
Driver info: org.openqa.selenium.chrome.ChromeDriver
Command: [c28ef986a887822b285b556d588d4fc2, findElement {using=xpath, value=//a[@href='#/Inventory']}]
Capabilities {acceptInsecureCerts: false, browserName: chrome, browserVersion: 131.0.6778.86, chrome: {chromedriverVersion: 131.0.6778.85 (3d81e41b6f3a..., userDataDir: /var/folders/5y/7c_nbpk94jg...}, fedcm:accounts: true, goog:chromeOptions: {debuggerAddress: localhost:58248}, networkConnectionEnabled: false, pageLoadStrategy: normal, platformName: mac, proxy: Proxy(), se:cdp: ws://localhost:58248/devtoo..., se:cdpVersion: 131.0.6778.86, setWindowRect: true, strictFileInteractability: false, timeouts: {implicit: 0, pageLoad: 300000, script: 30000}, unhandledPromptBehavior: dismiss and notify, webauthn:extension:credBlob: true, webauthn:extension:largeBlob: true, webauthn:extension:minPinLength: true, webauthn:extension:prf: true, webauthn:virtualAuthenticators: true}
Session ID: c28ef986a887822b285b556d588d4fc2
	at java.base/jdk.internal.reflect.DirectConstructorHandleAccessor.newInstance(DirectConstructorHandleAccessor.java:62)
	at java.base/java.lang.reflect.Constructor.newInstanceWithCaller(Constructor.java:502)
	at java.base/java.lang.reflect.Constructor.newInstance(Constructor.java:486)
	at org.openqa.selenium.remote.codec.w3c.W3CHttpResponseCodec.createException(W3CHttpResponseCodec.java:199)
	at org.openqa.selenium.remote.codec.w3c.W3CHttpResponseCodec.decode(W3CHttpResponseCodec.java:132)
	at org.openqa.selenium.remote.codec.w3c.W3CHttpResponseCodec.decode(W3CHttpResponseCodec.java:51)
	at org.openqa.selenium.remote.HttpCommandExecutor.execute(HttpCommandExecutor.java:191)
	at org.openqa.selenium.remote.service.DriverCommandExecutor.invokeExecute(DriverCommandExecutor.java:196)
	at org.openqa.selenium.remote.service.DriverCommandExecutor.execute(DriverCommandExecutor.java:171)
	at org.openqa.selenium.remote.RemoteWebDriver.execute(RemoteWebDriver.java:531)
	at org.openqa.selenium.remote.ElementLocation$ElementFinder$2.findElement(ElementLocation.java:165)
	at org.openqa.selenium.remote.ElementLocation.findElement(ElementLocation.java:59)
	at org.openqa.selenium.remote.RemoteWebDriver.findElement(RemoteWebDriver.java:350)
	at org.openqa.selenium.remote.RemoteWebDriver.findElement(RemoteWebDriver.java:344)
	at coreUtilities.utils.CommonEvents.findElement(CommonEvents.java:142)
	at pages.VerificationPage_PL1.clickOnInventory(VerificationPage_PL1.java:440)
	at steps.VerificationStep_PL1.navigate_to_the_section_under_inventory(VerificationStep_PL1.java:162)
	at ✽.Navigate to the Internal section under Inventory(file:///Users/abhisheksharma/Documents/YAKSHA/Cucumber%20Projects/Selenium-Java-CucumberPL1/src/test/java/features/Verification_PL1.feature:130)
]]>
</failure>
<system-out><![CDATA[
When Login in the healthapp application.....................................passed
Given Navigate to the Internal section under Inventory......................failed
And Click on Purchase Request...............................................skipped
And Click on the Create Purchase Request button.............................skipped
And Click on the Request button.............................................skipped
Then Verify error message as "Item is required" is displayed................skipped
]]></system-out>
</testcase>
</testsuite>
